Using pre-set license
Built from '2020.3/staging' branch; Version is '2020.3.41f1 (7c19dc9acfda) revision 8133084'; Using compiler version '192528614'; Build Type 'Release'
OS: 'Windows 10  (10.0.19045) 64bit Professional' Language: 'pt' Physical Memory: 8084 MB
BatchMode: 1, IsHumanControllingUs: 0, StartBugReporterOnCrash: 0, Is64bit: 1, IsPro: 0

COMMAND LINE ARGUMENTS:
C:\Program Files\Unity\Hub\Editor\2020.3.41f1\Editor\Unity.exe
-adb2
-batchMode
-noUpm
-name
AssetImportWorker0
-projectPath
C:/Users/walde/OneDrive/Documentos/wando/unity/JogoBoliche
-logFile
Logs/AssetImportWorker0.log
-srvPort
53885
Successfully changed project path to: C:/Users/walde/OneDrive/Documentos/wando/unity/JogoBoliche
C:/Users/walde/OneDrive/Documentos/wando/unity/JogoBoliche
Using Asset Import Pipeline V2.
Refreshing native plugins compatible for Editor in 56.87 ms, found 2 plugins.
Preloading 0 native plugins for Editor in 0.00 ms.
Initialize engine version: 2020.3.41f1 (7c19dc9acfda)
[Subsystems] Discovering subsystems at path C:/Program Files/Unity/Hub/Editor/2020.3.41f1/Editor/Data/Resources/UnitySubsystems
[Subsystems] Discovering subsystems at path C:/Users/walde/OneDrive/Documentos/wando/unity/JogoBoliche/Assets
GfxDevice: creating device client; threaded=0
Direct3D:
    Version:  Direct3D 11.0 [level 11.1]
    Renderer: Intel(R) UHD Graphics 620 (ID=0x3ea0)
    Vendor:   
    VRAM:     4042 MB
    Driver:   27.20.100.8336
Initialize mono
Mono path[0] = 'C:/Program Files/Unity/Hub/Editor/2020.3.41f1/Editor/Data/Managed'
Mono path[1] = 'C:/Program Files/Unity/Hub/Editor/2020.3.41f1/Editor/Data/MonoBleedingEdge/lib/mono/unityjit'
Mono config path = 'C:/Program Files/Unity/Hub/Editor/2020.3.41f1/Editor/Data/MonoBleedingEdge/etc'
Using monoOptions --debugger-agent=transport=dt_socket,embedding=1,server=y,suspend=n,address=127.0.0.1:56476
Begin MonoManager ReloadAssembly
Registering precompiled unity dll's ...
Register platform support module: C:/Program Files/Unity/Hub/Editor/2020.3.41f1/Editor/Data/PlaybackEngines/WindowsStandaloneSupport/UnityEditor.WindowsStandalone.Extensions.dll
Registered in 0.002344 seconds.
Native extension for WindowsStandalone target not found
Refreshing native plugins compatible for Editor in 49.10 ms, found 2 plugins.
Preloading 0 native plugins for Editor in 0.00 ms.
Mono: successfully reloaded assembly
- Completed reload, in  0.917 seconds
Domain Reload Profiling:
	ReloadAssembly (918ms)
		BeginReloadAssembly (107ms)
			ExecutionOrderSort (0ms)
			DisableScriptedObjects (0ms)
			BackupInstance (0ms)
			ReleaseScriptingObjects (0ms)
			CreateAndSetChildDomain (1ms)
		EndReloadAssembly (699ms)
			LoadAssemblies (104ms)
			RebuildTransferFunctionScriptingTraits (0ms)
			SetupTypeCache (253ms)
			ReleaseScriptCaches (0ms)
			RebuildScriptCaches (44ms)
			SetupLoadedEditorAssemblies (246ms)
				LogAssemblyErrors (0ms)
				InitializePlatformSupportModulesInManaged (5ms)
				SetLoadedEditorAssemblies (0ms)
				RefreshPlugins (49ms)
				BeforeProcessingInitializeOnLoad (11ms)
				ProcessInitializeOnLoadAttributes (142ms)
				ProcessInitializeOnLoadMethodAttributes (39ms)
				AfterProcessingInitializeOnLoad (0ms)
				EditorAssembliesLoaded (0ms)
			ExecutionOrderSort2 (0ms)
			AwakeInstancesAfterBackupRestoration (0ms)
Platform modules already initialized, skipping
Registering precompiled user dll's ...
Registered in 0.003601 seconds.
Begin MonoManager ReloadAssembly
Native extension for WindowsStandalone target not found
Refreshing native plugins compatible for Editor in 0.45 ms, found 2 plugins.
Preloading 0 native plugins for Editor in 0.00 ms.
Mono: successfully reloaded assembly
- Completed reload, in  1.518 seconds
Domain Reload Profiling:
	ReloadAssembly (1520ms)
		BeginReloadAssembly (244ms)
			ExecutionOrderSort (0ms)
			DisableScriptedObjects (6ms)
			BackupInstance (0ms)
			ReleaseScriptingObjects (0ms)
			CreateAndSetChildDomain (34ms)
		EndReloadAssembly (1175ms)
			LoadAssemblies (143ms)
			RebuildTransferFunctionScriptingTraits (0ms)
			SetupTypeCache (436ms)
			ReleaseScriptCaches (0ms)
			RebuildScriptCaches (70ms)
			SetupLoadedEditorAssemblies (418ms)
				LogAssemblyErrors (0ms)
				InitializePlatformSupportModulesInManaged (5ms)
				SetLoadedEditorAssemblies (0ms)
				RefreshPlugins (1ms)
				BeforeProcessingInitializeOnLoad (80ms)
				ProcessInitializeOnLoadAttributes (302ms)
				ProcessInitializeOnLoadMethodAttributes (21ms)
				AfterProcessingInitializeOnLoad (9ms)
				EditorAssembliesLoaded (0ms)
			ExecutionOrderSort2 (0ms)
			AwakeInstancesAfterBackupRestoration (2ms)
Platform modules already initialized, skipping
========================================================================
Worker process is ready to serve import requests
Launched and connected shader compiler UnityShaderCompiler.exe after 0.12 seconds
Refreshing native plugins compatible for Editor in 0.36 ms, found 2 plugins.
Preloading 0 native plugins for Editor in 0.00 ms.
Unloading 1535 Unused Serialized files (Serialized files now loaded: 0)
System memory in use before: 71.3 MB.
System memory in use after: 71.4 MB.

Unloading 17 unused Assets to reduce memory usage. Loaded Objects now: 1976.
Total: 2.700400 ms (FindLiveObjects: 0.132900 ms CreateObjectMapping: 0.051700 ms MarkObjects: 2.420200 ms  DeleteObjects: 0.094600 ms)

AssetImportParameters requested are different than current active one (requested -> active):
  custom:framework-win-MediaFoundation: 216162199b28c13a410421893ffa2e32 -> 
  custom:video-decoder-ogg-theora: a1e56fd34408186e4bbccfd4996cb3dc -> 
  custom:container-muxer-webm: aa71ff27fc2769a1b78a27578f13a17b -> 
  custom:container-demuxer-webm: 4f35f7cbe854078d1ac9338744f61a02 -> 
  custom:container-demuxer-ogg: 62fdf1f143b41e24485cea50d1cbac27 -> 
  custom:video-encoder-webm-vp8: eb34c28f22e8b96e1ab97ce403110664 -> 
  custom:video-codec-MediaFoundation-h265: 746d11721c4dcdbdad8f713fa42b33f4 -> 
  custom:video-decoder-webm-vp8: 9c59270c3fd7afecdb556c50c9e8de78 -> 
  custom:audio-decoder-ogg-vorbis: bf7c407c2cedff20999df2af8eb42d56 -> 
  custom:audio-encoder-webm-vorbis: bf7c407c2cedff20999df2af8eb42d56 -> 
========================================================================
Received Import Request.
  path: Assets/Scenes/Game.unity
  artifactKey: Guid(9fc0d4010bbf28b4594072e72b8655ab) Importer(815301076,1909f56bfc062723c751e8b465ee728b)
Start importing Assets/Scenes/Game.unity using Guid(9fc0d4010bbf28b4594072e72b8655ab) Importer(815301076,1909f56bfc062723c751e8b465ee728b)  -> (artifact id: '91a180323bce2aa54ce84c64a6dd64da') in 0.025541 seconds 
========================================================================
Received Import Request.
  Time since last request: 0.294790 seconds.
  path: Assets/FisicaPino
  artifactKey: Guid(36c9322e857449d4c821aac586bebb6d) Importer(815301076,1909f56bfc062723c751e8b465ee728b)
Start importing Assets/FisicaPino using Guid(36c9322e857449d4c821aac586bebb6d) Importer(815301076,1909f56bfc062723c751e8b465ee728b)  -> (artifact id: 'fee08c39051a7f95f409b0030e6cf28b') in 0.020824 seconds 
========================================================================
Received Import Request.
  Time since last request: 0.828671 seconds.
  path: Assets/Audio/ambience.wav
  artifactKey: Guid(c40b6f1f5cc6ca245a47c775a051f329) Importer(815301076,1909f56bfc062723c751e8b465ee728b)
Start importing Assets/Audio/ambience.wav using Guid(c40b6f1f5cc6ca245a47c775a051f329) Importer(815301076,1909f56bfc062723c751e8b465ee728b)  -> (artifact id: '87cf3ec0f24dd083dc34bbb82413898c') in 0.797515 seconds 
========================================================================
Received Import Request.
  Time since last request: 0.193781 seconds.
  path: Assets/Script/GameManager.cs
  artifactKey: Guid(51cb567fd3c9dee428bbaf581537613e) Importer(815301076,1909f56bfc062723c751e8b465ee728b)
Start importing Assets/Script/GameManager.cs using Guid(51cb567fd3c9dee428bbaf581537613e) Importer(815301076,1909f56bfc062723c751e8b465ee728b)  -> (artifact id: '77659ed160dd1aa371ccff2b83bcd48e') in 0.258060 seconds 
========================================================================
Received Import Request.
  Time since last request: 0.063532 seconds.
  path: Assets/Textura
  artifactKey: Guid(512352cf254073f49a8d72ed29647435) Importer(815301076,1909f56bfc062723c751e8b465ee728b)
Start importing Assets/Textura using Guid(512352cf254073f49a8d72ed29647435) Importer(815301076,1909f56bfc062723c751e8b465ee728b)  -> (artifact id: '99b7cf1ec660e46c718cb7dd55c85b06') in 0.007196 seconds 
========================================================================
Received Import Request.
  Time since last request: 1.431275 seconds.
  path: Assets/Script/ControllerCamera.cs
  artifactKey: Guid(e279812fbbd9d5a4b939810d9b42483a) Importer(815301076,1909f56bfc062723c751e8b465ee728b)
Start importing Assets/Script/ControllerCamera.cs using Guid(e279812fbbd9d5a4b939810d9b42483a) Importer(815301076,1909f56bfc062723c751e8b465ee728b)  -> (artifact id: '27f978d94e356ca3bbd5718cdc76f3a3') in 0.028977 seconds 
========================================================================
Received Import Request.
  Time since last request: 0.043348 seconds.
  path: Assets/Pinos.cs
  artifactKey: Guid(b386838471bca9444862dfb477e59779) Importer(815301076,1909f56bfc062723c751e8b465ee728b)
Start importing Assets/Pinos.cs using Guid(b386838471bca9444862dfb477e59779) Importer(815301076,1909f56bfc062723c751e8b465ee728b)  -> (artifact id: '511edd3da2f2b41b889414f5f7d5fbdd') in 0.008570 seconds 
AssetImportWorkerClient::OnTransportError - code=2 error=End of file
